sladly.com
begoid.com
sletal.com
slerat.com
owseps.com
darear.com
eldeds.com
jurips.com
duraeo.com
spyxed.com
ulsots.com
tupils.com
spixed.com
eboors.com
widift.com
diryer.com
bayawl.com
doleal.com
grialp.com
slufts.com
eliles.com
spolfs.com
elosby.com
spilts.com
sodose.com
abulps.com
dirtor.com
fiouts.com
brolfs.com
aworas.com
flooes.com
rawale.com
gasort.com
oatewl.com
orlses.com
ebeits.com
toorse.com
touged.com
belipt.com
piltow.com
dowrus.com
stewls.com
broted.com
fraved.com
aesegy.com
wayery.com
leyery.com
evists.com
sloyes.com
pasits.com
spieds.com
owelts.com
fetsid.com
juites.com
guales.com
blords.com
joiror.com
toxese.com
wrourd.com
isefts.com
wagaws.com
fawepy.com
pawoob.com
tusets.com
blivae.com
wirdyl.com
fetats.com
ebeate.com
perews.com
vaudge.com
spurds.com
busids.com
sairob.com
tilail.com
failts.com
elexpe.com
spolts.com
loewed.com
swooes.com
poteps.com
purobs.com
isults.com
swases.com
uvuled.com
baiars.com
feroys.com
spried.com
siefts.com
texuls.com
floxbo.com
aleged.com
ouists.com
tierva.com
glards.com
daldes.com
aerypt.com
glegus.com
flased.com
laspat.com
grilat.com
sloole.com
rolfis.com
peardy.com
ditars.com
slaxly.com
palefs.com
gaurps.com
speola.com
grooet.com
bripes.com
gautes.com
exiers.com
paguas.com
riased.com
abdued.com
tyleys.com
rovaos.com
boofts.com
asouts.com
woosue.com
bevidy.com
tidivy.com
jaurls.com
slilds.com
pyoude.com
furits.com
aftyly.com
tyloud.com
tastub.com
blyxed.com
durged.com
grefts.com
wroats.com
loolds.com
vagirt.com
ausues.com
wiltsy.com
wivarl.com
poeres.com
pyroul.com
pusart.com
welies.com
pupide.com
twelts.com
barews.com
floged.com
sailfs.com
elvaps.com
dolfea.com
drauly.com
bobids.com
abalps.com
spyxed.com
irears.com
volobs.com
dodeve.com
lupipe.com
stapse.com
frayly.com
dubelp.com
uverds.com
swaise.com
ivorly.com
spolts.com
learls.com
swelps.com
slauly.com
spawls.com
groles.com
sistsy.com
ewiped.com
toxits.com
deatai.com
tarylp.com
delpso.com
laxeds.com
filged.com
gluses.com
prilts.com
ralade.com
agelsy.com
pulvet.com
soudge.com
abuded.com
spalie.com
blaits.com
stofts.com
wailds.com
spouds.com
woofts.com
roalox.com
tapses.com
flapty.com
slaxed.com
splued.com
frewed.com
dertsy.com
pugued.com
rabeft.com
alised.com
boxisy.com
sayels.com
sileal.com
dorded.com
gourbs.com
ditary.com
apirly.com
foises.com
abasew.com
elwate.com
eyerds.com
oveded.com
spudel.com
fjowry.com
garlds.com
grawed.com
vieute.com
slewly.com
ragays.com
pauxed.com
vexude.com
guldef.com
audels.com
lyleal.com
soadel.com
poupsy.com
sposes.com
erilts.com
dousts.com
jauxes.com
dylays.com
trosey.com
spilts.com
bluted.com
irsoop.com
brierd.com
toxeds.com
loruls.com
ruided.com
lieled.com
agearl.com
weadal.com
bersto.com
logilt.com
vauder.com
tylyed.com
priads.com
gueuts.com
aswisy.com
spowsy.com
sairdy.com
frowls.com
torsog.com
rebarp.com
feavet.com
spooed.com
boaded.com
sletox.com
dulged.com
yupids.com
dovelt.com
frobed.com
stords.com
raowir.com
adaius.com
toaper.com
fiteas.com
peasid.com
swaxes.com
buliot.com
reirts.com
yadles.com
glogaf.com
soatio.com
stords.com
turlds.com
ebodel.com
jervas.com
laxles.com
douidy.com
wairdy.com
tapeps.com
suilts.com
gauled.com
palved.com
stieue.com
buripe.com
albegy.com
japile.com
fetuds.com
wrubar.com
pabuls.com
swarer.com
guruie.com
eptars.com
expews.com
toryer.com
trayot.com
surlds.com
driobs.com
reowed.com
julebs.com
audges.com
uptlas.com
fauses.com
trawad.com
spixts.com
fowerd.com
tupels.com
flawls.com
abeavo.com
poures.com
glubts.com
isurbs.com
abduds.com
faugey.com
gaelds.com
saulto.com
exeded.com
spayst.com
baspes.com
egypel.com
sluges.com
gleved.com
twelds.com
yasies.com
epiefs.com
pabeve.com
diolds.com
groard.com
dritsy.com
lavisy.com
tulupy.com
spearp.com
spixes.com
paterd.com
lourbo.com
buoter.com
dootes.com
tolarl.com
sudeps.com
wyasor.com
bluted.com
brilds.com
verowl.com
soutes.com
joyere.com
badoys.com
padire.com
gloxes.com
plubes.com
pegybe.com
laydra.com
wrowdy.com
joifed.com
aboxie.com
sairls.com
wyalew.com
vodota.com
brafes.com
gibels.com
woldes.com
spolfs.com
dirapt.com
iraive.com
sairls.com
roweap.com
fevils.com
blodle.com
roweds.com
babras.com
spaged.com
wroody.com
wieria.com
erisps.com
reirts.com
steded.com
slaxes.com
swouts.com
fliose.com
toalid.com
pyougs.com
gausts.com
baifts.com
irwied.com
vodalt.com
wylips.com
wispip.com
astots.com
floarl.com
avists.com
stersy.com
drausu.com
vilses.com
sudeps.com
guairl.com
doldal.com
stexes.com
gayors.com
sweigs.com
tasied.com
friefs.com
lubelt.com
soupur.com
boaped.com
sauged.com
touild.com
lobegi.com
bruelf.com
grieds.com
turowl.com
sualse.com
bujads.com
volawl.com
ralsad.com
wrield.com
lerold.com
burlor.com
slawea.com
swayro.com
busuid.com
spived.com
roated.com
burise.com
gataps.com
ablose.com
grivol.com
abidge.com
brooft.com
glegey.com
abevio.com
slusts.com
plyery.com
gipids.com
saiuse.com
gapits.com
sybirs.com
gaugue.com
etlats.com
piteve.com
fuleid.com
dixelt.com
aeasal.com
jibeas.com
loapau.com
adleas.com
wrores.com
overds.com
pelded.com
tupery.com
urbyly.com
swirde.com
swisps.com
jourfs.com
atlaty.com
twelde.com
fusert.com
fabows.com
sisabs.com
baspea.com
plubes.com
fogier.com
dureba.com
alsege.com
silaug.com
augued.com
gloase.com
badirs.com
abuyed.com
ridled.com
lepips.com
asteds.com
asolby.com
loblay.com
algats.com
wreals.com
booews.com
greded.com
spixed.com
boages.com
oboote.com
frerds.com
loatsy.com
betust.com
boguel.com
grivar.com
legays.com
spried.com
robege.com
sitaus.com
peadeb.com
twives.com
dulawe.com
furear.com
elvaps.com
grelil.com
jastsy.com
laxese.com
atlave.com
woldel.com
duerdy.com
befirs.com
sladob.com
strifs.com
stoxed.com
alefts.com
sasted.com
loupur.com
avalts.com
baftes.com
guiger.com
elosed.com
auroat.com
jeated.com
asoule.com
lelter.com
dayert.com
gaudsy.com
foxedy.com
goilta.com
yprail.com
priefs.com
edifty.com
begows.com
dwaxes.com
spixes.com
edarls.com
sloged.com
sareds.com
fieute.com
learls.com
viefts.com
laxler.com
poewls.com
wroude.com
sleady.com
dursed.com
sadits.com
suadro.com
burpsy.com
vigiby.com
elivas.com
walogs.com
rigoty.com
jauver.com
purips.com
lusago.com
tooews.com
droave.com
plouty.com
spipse.com
gaudge.com
luilio.com
elipes.com
woreve.com
jivets.com
jauves.com
sworob.com
regavo.com
sodelp.com
foguil.com
blowls.com
gawerd.com
tapils.com
bryelt.com
slases.com
woorts.com
lajase.com
beafty.com
viouts.com
worewe.com
dijape.com
wailot.com
ivouts.com
frilts.com
sloset.com
flivex.com
viowed.com
wairds.com
luijau.com
loalps.com
lurvad.com
fivaer.com
boseve.com
sarery.com
soarey.com
twepty.com
plabes.com
bebeas.com
sevowy.com
audeda.com
firled.com
aldows.com
blails.com
ivower.com
litoft.com
flafer.com
elievy.com
weitsy.com
drileu.com
lipery.com
toxier.com
folary.com
ivetes.com
droate.com
deasof.com
evasey.com
jewrie.com
fraloy.com
sworge.com
spilse.com
plults.com
saboed.com
divisp.com
porats.com
jivals.com
spaeal.com
slyres.com
opergs.com
oastid.com
boxyly.com
bujify.com
vilays.com
burust.com
dioboe.com
swayel.com
beapsy.com
avelfe.com
spilts.com
apewed.com
pilbes.com
sliale.com
bogils.com
diraws.com
tylage.com
toists.com
oderts.com
lasaus.com
rulber.com
rusete.com
slaral.com
oulaps.com
edaidy.com
fjowed.com
draira.com
stords.com
rileps.com
avyier.com
deijil.com
oateds.com
loorts.com
oldebs.com
drewts.com
fauled.com
duared.com
eteale.com
sodard.com
boirds.com
bletus.com
gaurls.com
adayer.com
twelsy.com
foofts.com
frived.com
eviowy.com
fustit.com
ebrals.com
foryly.com
ablats.com
sworey.com
buelds.com
wigirs.com
apsort.com
arilts.com
titede.com
tolear.com
ortalt.com
stoxes.com
gaugby.com
rodlyx.com
gaired.com
jouped.com
alooty.com
poutup.com
wailta.com
luroor.com
egypor.com
rourps.com
diaded.com
sweils.com
aboret.com
juaves.com
sagips.com
dieudy.com
evalts.com
votale.com
sarawl.com
tagual.com
wailts.com
wileft.com
opeloa.com
pedsts.com
exusai.com
sluras.com
pufuet.com
fleadi.com
bripes.com
argout.com
farody.com
abotes.com
drepet.com
diolfs.com
ovulpy.com
prievy.com
tudrat.com
stises.com
udadly.com
alarls.com
slawls.com
rodgel.com
firger.com
oarges.com
plaure.com
bureds.com
fawelp.com
eburds.com
surove.com
vegire.com
dylaul.com
spusts.com
spoals.com
evults.com
overya.com
grosey.com
wairso.com
teatoa.com
tesoag.com
folats.com
paptly.com
soases.com
dwerso.com
bopeps.com
ovalti.com
stusts.com
redaws.com
seirts.com
atupur.com
prears.com
fawfus.com
woldef.com
fawdyl.com
slueus.com
volgil.com
gragaw.com
alifty.com
swagey.com
sloxie.com
wyeavo.com
swayaw.com
suaits.com
raouts.com
beloal.com
stided.com
dralas.com
exiods.com
irvers.com
seardy.com
doguls.com
plowel.com
fleude.com
liardy.com
algats.com
lagisy.com
worave.com
rovoya.com
ergues.com
guayly.com
saudro.com
fielge.com
boaros.com
tufurs.com
trobil.com
floage.com
begars.com
rourbs.com
blexes.com
edwift.com
wailts.com
fiorts.com
fevego.com
brawfu.com
uravio.com
stased.com
uriped.com
paegoo.com
druist.com
bearbs.com
bauase.com
sioter.com
daudes.com
froyso.com
swalts.com
joilds.com
flosts.com
grebts.com
ervaia.com
gowele.com
glearp.com
sabods.com
polegs.com
deifte.com
irafes.com
blegae.com
rojaps.com
urewls.com
doewed.com
arpset.com
juilot.com
abuots.com
broopt.com
roapes.com
weifts.com
eirort.com
joudra.com
bourly.com
tiprad.com
watsal.com
pyoged.com
rougby.com
flools.com
beafts.com
botals.com
ioused.com
sodawl.com
ruaits.com
daloup.com
grorls.com
gaptes.com
blidgy.com
abeges.com
faweal.com
lodawl.com
slaset.com
seidet.com
pewips.com
wrupil.com
drosti.com
wralos.com
souile.com
plawls.com
abuyed.com
bogily.com
loaros.com
sioses.com
alvods.com
goults.com
purlds.com
loleds.com
goasts.com
gauses.com
grerds.com
isilts.com
blauds.com
stoilt.com
labuid.com
rosugs.com
blowdy.com
slogau.com
botope.com
riesex.com
oprils.com
guador.com
flurse.com
olieft.com
alburs.com
wislue.com
soavir.com
lailts.com
worers.com
irvaly.com
tarleg.com
brualt.com
stusts.com
texuds.com
sauged.com
trodga.com
voisyl.com
boilta.com
apylas.com
papese.com
swelea.com
peatar.com
toolgy.com
sadede.com
soaded.com
wayody.com
aboirs.com
trords.com
luafty.com
reyase.com
debips.com
yousts.com
aliews.com
ustagu.com
augued.com
plypte.com
ejibed.com
brilbs.com
doliby.com
freped.com
sulats.com
fawels.com
lourls.com
failts.com
brores.com
gredad.com
greste.com
botraw.com
advirs.com
putory.com
loilva.com
foguil.com
jolfea.com
guitow.com
eyales.com
bireds.com
grourl.com
frived.com
urifty.com
rojase.com
oarget.com
spawls.com
abluel.com
foulge.com
tweldy.com
worged.com
xyleir.com
burdio.com
libegs.com
flises.com
oxbout.com
slaxit.com
brooes.com
drased.com
pooded.com
liodly.com
dudrid.com
exules.com
voilts.com
firsed.com
waifts.com
rawort.com
velows.com
pidits.com
spixes.com
wrailt.com
guelts.com
utougs.com
watows.com
doilad.com
gloofs.com
berows.com
flules.com
gibere.com
sweles.com
spurib.com
luelds.com
bruled.com
slivis.com
slexas.com
loarbs.com
deaved.com
exudig.com
ogdefs.com
earsof.com
afieft.com
guelts.com
sluses.com
pabays.com
foarfs.com
aprawl.com
wrayle.com
repusy.com
tralts.com
yprait.com
eagloe.com
blearo.com
rilsal.com
floaps.com
tarape.com
luavet.com
bleado.com
lorows.com
iouxes.com
dedits.com
witeps.com
jorers.com
sweags.com
sterbs.com
grourt.com
sesabs.com
ibibey.com
botats.com
yproos.com
pariby.com
dotuts.com
titery.com
stoxes.com
lupses.com
pabiby.com
jidles.com
gawaia.com
laudra.com
spitep.com
swafts.com
stooft.com
aroted.com
wrawls.com
dupurt.com
reyere.com
oolbus.com
iverop.com
olials.com
gaudas.com
dutudy.com
buguel.com
livald.com
rowril.com
glefty.com
folvas.com
tweres.com
odeaul.com
twivet.com
baivil.com
blised.com
byrier.com
eptyer.com
tagueu.com
ilixes.com
slares.com
edivel.com
glayes.com
dubils.com
faurle.com
abduse.com
prieud.com
youids.com
doupse.com
grawed.com
welids.com
spayel.com
deades.com
suiles.com
pisabs.com
frolds.com
wilear.com
bedied.com
brolds.com
turups.com
blaily.com
spolge.com
sogide.com
deouda.com
daulde.com
ardyed.com
bralty.com
spuped.com
frests.com
fixeso.com
oarips.com
plasix.com
joyarp.com
sarolf.com
lopted.com
tiblie.com
stooft.com
giltes.com
osager.com
wrawls.com
swafty.com
tatert.com
togres.com
gleals.com
adlyer.com
juiloe.com
begurs.com
gelbut.com
watapt.com
tirtes.com
soadge.com
osaded.com
abardy.com
feryla.com
gludol.com
peaded.com
stusal.com
sluses.com
bjoyes.com
suiers.com
platla.com
abilts.com
blurfs.com
sluets.com
dopite.com
loewed.com
eldepy.com
frioug.com
drelfs.com
plifts.com
tysory.com
slarey.com
pugues.com
wrowsy.com
exudra.com
flased.com
ivotal.com
pewers.com
spubel.com
dodals.com
lowept.com
putdoy.com
gibeys.com
edwils.com
bitaia.com
satraw.com
lieuds.com
axlyri.com
piorps.com
waguip.com
riltes.com
roorel.com
dwifts.com
parewl.com
pailds.com
exilts.com
friefy.com
raiges.com
abulfs.com
tousts.com
gaugue.com
brotew.com
poelid.com
steded.com
bailts.com
foults.com
davese.com
duliet.com
flaigs.com
rularl.com
pilept.com
bloaly.com
douite.com
swefts.com
twives.com
slurew.com
sirgor.com
irvaps.com
odedar.com
looded.com
doryor.com
draits.com
roases.com
porets.com
failts.com
grailt.com
pyries.com
tasals.com
wryerf.com
brubia.com
foosag.com
dairds.com
lyoles.com
soyery.com
bovots.com
rigoot.com
djiver.com
lertar.com
laysta.com
riegus.com
oliows.com
swafty.com
legyps.com
togats.com
blused.com
bolved.com
berses.com
boweds.com
trowdy.com
spurbs.com
tooels.com
rilews.com
doerse.com
loodal.com
judied.com
ivoile.com
sifets.com
idoted.com
bliala.com
eliped.com
pauvel.com
brifty.com
fredeb.com
babows.com
sudrol.com
ploped.com
dretry.com
barued.com
paudes.com
pausty.com
fatils.com
gargor.com
blevie.com
agaurf.com
fliold.com
flasep.com
rojils.com
gragay.com
upilts.com
ivogus.com
suauts.com
faiset.com
slults.com
obeapt.com
truigs.com
erwify.com
owdyer.com
elrout.com
poxyly.com
bosuls.com
pupard.com
spixed.com
filied.com
sluise.com
glages.com
rydive.com
woosts.com
davogu.com
boreys.com
elawls.com
twisef.com
slases.com
lyrevy.com
grogut.com
wavips.com
slefte.com
frefts.com
tritly.com
jivagi.com
barsts.com
suests.com
groisa.com
jaybys.com
frorsy.com
bauged.com
dylyle.com
vuleds.com
gablus.com
drairs.com
slaily.com
argofs.com
slivet.com
toadel.com
fiflaf.com
spoles.com
foupys.com
wisire.com
priesa.com
dupigs.com
sabows.com
bibeve.com
lauxed.com
aldsty.com
dwaxes.com
wrerfs.com
swieft.com
paspae.com
spalts.com
prigey.com
loatyp.com
bluels.com
roated.com
spoped.com
soydio.com
yoreas.com
bloubs.com
ogdeve.com
sudope.com
jolage.com
rildor.com
feireo.com
roults.com
piusby.com
wratos.com
rapead.com
voldel.com
blapsy.com
wabuls.com
grairs.com
elgats.com
pulear.com
iroval.com
deilts.com
taputs.com
glurls.com
abulds.com
gabils.com
laxele.com
worefs.com
woosed.com
talups.com
touged.com
boguat.com
ragede.com
libefs.com
abasts.com
wagild.com
raserp.com
pilved.com
peolge.com
sodote.com
flawls.com
pupals.com
ovexty.com
sauxed.com
wylars.com
aleadi.com
touled.com
fraild.com
faidge.com
iripey.com
bolgal.com
swigil.com
ogulve.com
polded.com
aivots.com
dwelts.com
diraft.com
reuted.com
walued.com
lailds.com
lerair.com
dorefs.com
sirsty.com
gloulp.com
budyls.com
taftsy.com
swelop.com
dudste.com
fauses.com
sposal.com
adoury.com
sparfs.com
lupire.com
tusafy.com
doylyx.com
begafy.com
arerdy.com
prubes.com
wigidy.com
lastot.com
julves.com
slibel.com
flurps.com
pritep.com
seafts.com
futods.com
oviles.com
boolty.com
plufus.com
joirpy.com
udafts.com
lulapt.com
seapil.com
blolds.com
spixes.com
soatsy.com
liegue.com
elvags.com
obyles.com
wairty.com
boorfs.com
foaves.com
trowdy.com
liefts.com
slardy.com
dyeats.com
louget.com
deaped.com
dudged.com
luarer.com
wefets.com
wrolts.com
gogase.com
ireapt.com
parept.com
boopes.com
garsts.com
lyoger.com
spixes.com
floady.com
buerbs.com
turobe.com
geloot.com
goapeo.com
poofts.com
spouds.com
roguro.com
fetupy.com
lasepy.com
jerude.com
swoves.com
liouil.com
dityps.com
dosuet.com
jaboat.com
lajawl.com
aspary.com
sielps.com
yastes.com
breols.com
wrougs.com
brarls.com
iblust.com
brubef.com
blopel.com
algirs.com
fratup.com
ebuile.com
bogarp.com
duerve.com
evodge.com
sloxes.com
lowips.com
pateds.com
atlype.com
paburs.com
blifty.com
aupils.com
lipied.com
petarl.com
flueds.com
twelds.com
toosby.com
asafus.com
pagief.com
drowls.com
trulty.com
froyes.com
slusts.com
furste.com
elsags.com
dorips.com
lydred.com
voifty.com
fouted.com
slotal.com
fearfs.com
rouips.com
fesafy.com
slyxes.com
blifet.com
toopyl.com
loodgy.com
lapars.com
bloers.com
garfue.com
ypried.com
yadges.com
livilt.com
tyrags.com
siefts.com
bulede.com
adarls.com
edwead.com
truxed.com
sworge.com
spilts.com
taxits.com
rubedy.com
dogaut.com
agloys.com
frowes.com
flufts.com
burals.com
buoyes.com
jewidy.com
sidoed.com
dustal.com
alogle.com
ewiped.com
iowert.com
slouts.com
sulads.com
vaougs.com
deigil.com
slowls.com
plaped.com
yeasar.com
devuld.com
sorers.com
ogdels.com
glopte.com
jayarp.com
stosie.com
sporfs.com
dubals.com
pudist.com
gilsor.com
sorded.com
twarbs.com
duruts.com
dijapt.com
troord.com
dolats.com
sotepy.com
rosbyl.com
diruit.com
tupeal.com
erialt.com
glexed.com
peowed.com
poofty.com
slases.com
laurgs.com
sluded.com
bideps.com
velild.com
wirags.com
farows.com
sloses.com
reueds.com
uperts.com
luards.com
bafere.com
favots.com
druxed.com
sabult.com
julses.com
rutdos.com
stosed.com
sletes.com
gausby.com
odayer.com
bujiby.com
slexes.com
gaeoly.com
yardeb.com
blarde.com
rivois.com
ebared.com
truded.com
wyerts.com
lyerts.com
ragogi.com
loudga.com
flubse.com
leolfs.com
tearya.com
blyxes.com
failts.com
galved.com
spilts.com
failts.com
evilts.com
wrerbs.com
aforug.com
luafts.com
glouls.com
roaper.com
basafs.com
rolews.com
taweds.com
guelva.com
gousef.com
suilds.com
driare.com
suests.com
laulti.com
fivils.com
spipea.com
joyate.com
swalpy.com
abduds.com
plogor.com
dorips.com
pawags.com
edwage.com
togros.com
rebuot.com
joldes.com
brifte.com
swarbs.com
audgel.com
fudiry.com
grears.com
ratabs.com
pepupt.com
elwast.com
twidil.com
opives.com
aswelt.com
roylps.com
seilts.com
satept.com
rudaue.com
grourp.com
suriet.com
draset.com
pailda.com
poesue.com
peguse.com
apawls.com
evexal.com
diowel.com
plyery.com
elexts.com
lupses.com
fivots.com
bidyly.com
abrits.com
wryout.com
oatela.com
epirds.com
eareta.com
retoop.com
perefe.com
wylity.com
spialt.com
surove.com
trosed.com
barews.com
dwised.com
breods.com
ouiles.com
wirole.com
fraild.com
wrised.com
swaxie.com
bagybe.com
bureds.com
toxyle.com
broted.com
raorls.com
wryors.com
teptal.com
lipits.com
spuped.com
burips.com
tiftyp.com
gauxed.com
fielts.com
broxed.com
frouts.com
fivaps.com
twaret.com
twefts.com
elisps.com
grooet.com
glaxly.com
eptody.com
adleas.com
grebed.com
prilfs.com
suieft.com
sliged.com
swaxes.com
leousy.com
fruils.com
pioser.com
plowis.com
plabes.com
twavet.com
wagarl.com
stolad.com
walube.com
saxiel.com
eviobs.com
spixis.com
leards.com
patude.com
fagays.com
worids.com
gloyes.com
gagelf.com
eltrup.com
obarby.com
bolowy.com
girefs.com
stafts.com
ederds.com
sloare.com
ealoge.com
riefty.com
brepsy.com
feadse.com
slayot.com
groxes.com
efravs.com
yawary.com
rubafe.com
oaftes.com
sliels.com
oraits.com
argult.com
diarbs.com
fjolda.com
truips.com
favaga.com
irwigs.com
glixed.com
tideds.com
legues.com
babefs.com
riefts.com
bleged.com
grilds.com
boolty.com
rodode.com
asoute.com
silits.com
swirad.com
truips.com
bailds.com
rolved.com
goloed.com
slouts.com
ibiads.com
apeyer.com
spyxer.com
stodet.com
stabed.com
rolefs.com
vasiry.com
blarta.com
pyogir.com
pudyly.com
drerds.com
brorls.com
swiefs.com
rydred.com
parilt.com
pragey.com
abduds.com
blawls.com
pastif.com
sliold.com
sprolf.com
ejesal.com
riotes.com
flarls.com
roxids.com
tatupt.com
tapeds.com
besald.com
tidges.com
fiards.com
wrados.com
greurf.com
bloews.com
debods.com
prawls.com
strieu.com
gloted.com
tatois.com
faxiel.com
dvilts.com
joyead.com
jairly.com
rioris.com
doided.com
draled.com
laults.com
rogoot.com
orlare.com
upurux.com
surads.com
triefs.com
riates.com
uptase.com
roorse.com
plords.com
faubad.com
seouto.com
begoue.com
earata.com
broura.com
esafts.com
spowed.com
slarie.com
doists.com
ervase.com
loolfs.com
agawle.com
burawl.com
sluils.com
ridoed.com
watred.com
sougaf.com
aweply.com
irasts.com
bruils.com
broaty.com
bogase.com
aptiel.com
bleigs.com
juitub.com
yprood.com
lyorer.com
rayeal.com
adoete.com
slases.com
failil.com
wooews.com
lydres.com
weroge.com
aubire.com
frooew.com
pierbs.com
wagult.com
plifts.com
diouls.com
argeds.com
legire.com
raxilt.com
swougs.com
luguts.com
ilepid.com
frolet.com
bogaps.com
spawls.com
swilyx.com
tabobs.com
roords.com
ogoots.com
slaity.com
barips.com
spasts.com
pavoge.com
tooedy.com
beafty.com
aryoup.com
dridir.com
fetedy.com
potolt.com
faused.com
asexts.com
ditude.com
uryped.com
sisaft.com
lupsed.com
foraba.com
bopags.com
spoles.com
sourbs.com
torsed.com
lobore.com
viarle.com
atlyie.com
ruglus.com
lorops.com
abowdy.com
foyale.com
voredy.com
aldapt.com
iowies.com
swoves.com
galses.com
drayol.com
goiles.com
yprove.com
gueust.com
seilts.com
rarias.com
yeavis.com
gladul.com
tirows.com
dolept.com
oweder.com
bibyal.com
flivoy.com
soureb.com
grourt.com
japelt.com
pepoty.com
plious.com
dridit.com
riesty.com
abosed.com
oodger.com
virews.com
betubs.com
groord.com
guyeds.com
poxeds.com
roloot.com
videds.com
audals.com
spieft.com
stowls.com
delvot.com
pirout.com
frouly.com
flueds.com
fliets.com
bowaia.com
gilefy.com
dusest.com
jolvid.com
boleve.com
virubs.com
ayared.com
sopelt.com
gataps.com
drosby.com
baials.com
prylay.com
dwerge.com
sperbs.com
sityps.com
foutub.com
raouds.com
pougle.com
lueley.com
plypsy.com
trafog.com
aulsed.com
oudeds.com
watevo.com
floded.com
atrats.com
welasp.com
sabeld.com
drooer.com
pailds.com
trodge.com
spiasi.com
poylay.com
sluips.com
baudad.com
prilds.com
beruds.com
atlats.com
didefs.com
poated.com
davode.com
idebes.com
swooed.com
walosy.com
bralps.com
wrogis.com
sleped.com
ilised.com
atofts.com
ofasit.com
blifai.com
fruipt.com
spiges.com
odeirs.com
trurse.com
boodat.com
sopedy.com
diefts.com
worapt.com
aleags.com
furged.com
peardy.com
toaped.com
edelps.com
bubege.com
udavel.com
dwases.com
roweap.com
logars.com
froule.com
exioty.com
ragype.com
pabugu.com
begafy.com
blifty.com
floage.com
sudged.com
weigip.com
evegat.com
pladly.com
toared.com
spowel.com
logult.com
tarefs.com
airsts.com
doweds.com
alords.com
joared.com
goroed.com
duteds.com
wraded.com
beapre.com
flurps.com
wroved.com
swises.com
dijose.com
lypedy.com
friarf.com
blepat.com
sairby.com
stodly.com
erwits.com
elvaia.com
spolts.com
syreps.com
tulber.com
foutos.com
stouds.com
glofts.com
pliest.com
waylps.com
rurefs.com
loarty.com
bulded.com
ulgars.com
ortald.com
dorgot.com
stowdy.com
fralde.com
torgey.com
prolge.com
sulbed.com
raored.com
dobegy.com
boases.com
spowls.com
pabide.com
fogoft.com
grared.com
polfir.com
drodly.com
paglar.com
baifts.com
gulept.com
susils.com
tutots.com
dourst.com
wrigaw.com
ruglay.com
roguis.com
ablold.com
judebs.com
flouls.com
fiowed.com
jidges.com
sabawl.com
buedea.com
flobla.com
ogirdy.com
spudet.com
roirer.com
siefts.com
stuted.com
tupept.com
toilfs.com
swelar.com
deirds.com
deijad.com
boopes.com
agoret.com
rairta.com
rojive.com
truses.com
setedy.com
wapepy.com
duleds.com
oblile.com
astyly.com
ofaves.com
dupuly.com
tarips.com
asputs.com
slosie.com
ropewy.com
boydep.com
osayly.com
resuas.com
pearps.com
yogolt.com
brooed.com
foilts.com
fruset.com
abolfs.com
rairds.com
groles.com
yalved.com
osafet.com
oferby.com
rusuge.com
drowls.com
dodeds.com
erwift.com
usewl.com
odoys.com
wyary.com
peagi.com
swefs.com
lairl.com
ruelt.com
drayr.com
luafs.com
soylp.com
fifts.com
fifts.com
ouilt.com
plarl.com
gruie.com
gueus.com
tildt.com
wirps.com
ruave.com
bliob.com
oarfs.com
peldt.com
brarl.com
seuds.com
rudst.com
wausi.com
awors.com
asowy.com
lauld.com
pauxo.com
lajui.com
etlyx.com
uvuls.com
larls.com
wradu.com
baugs.com
rulpy.com
loult.com
grers.com
fifts.com
fauds.com
dixts.com
trarf.com
roirt.com
aulfs.com
frars.com
pyowe.com
eatew.com
dalfs.com
rutdo.com
duaed.com
loult.com
swieu.com
slarl.com
pudse.com
wruda.com
fifts.com
tiort.com
luirs.com
blawl.com
fluls.com
twaia.com
suiry.com
bowef.com
lyogs.com
trarl.com
spsar.com
slayl.com
bawfu.com
iowdy.com
arlds.com
faulp.com
jubef.com
flult.com
brarp.com
taugs.com
fifts.com
baupt.com
erilt.com
lulpy.com
yoraf.com
rutdo.com
ogdei.com
lilds.com
eauds.com
urabs.com
purfs.com
julfs.com
wrias.com
odaws.com
glaul.com
isirl.com
julds.com
poues.com
fauds.com
iowel.com
fifts.com
yeaud.com
duelt.com
grarl.com
ogise.com
saurf.com
rupip.com
julfs.com
odeid.com
gourf.com
idlef.com
bjows.com
oargs.com
gluip.com
purfs.com
buoyl.com
odged.com
rutdo.com
erwir.com
boift.com
ardse.com
slufu.com
dylps.com
giefy.com
lilds.com
slawl.com
frapt.com
faugs.com
awfue.com
rojif.com
tylaf.com
obabs.com
peols.com
ebelp.com
erowy.com
outow.com
purfs.com
frors.com
plopf.com
tibyl.com
foues.com
roapt.com
deows.com
rievy.com
baurf.com
purfs.com
luilt.com
ogdes.com
julds.com
julfs.com
buidy.com
yotaw.com
atepy.com
lielp.com
wryls.com
isulf.com
larls.com
sodgy.com
dijau.com
wrofs.com
wrabs.com
velfs.com
baulp.com
glawd.com
wauds.com
exulf.com
waubt.com
plawl.com
julds.com
xests.com
aloyl.com
slopf.com
dwery.com
byeal.com
ogdes.com
dawfu.com
slawl.com
blawl.com
joare.com
duaft.com
doirt.com
efreu.com
rulud.com
sluad.com
faugs.com
purfs.com
jials.com
fifts.com
wrubs.com
oudge.com
bloew.com
gaurt.com
wryed.com
buidy.com
foady.com
yerut.com
yprid.com
osags.com
ooded.com
wriby.com
lirew.com
eults.com
ealgy.com
fougs.com
ewils.com
pruls.com
fifts.com
pyody.com
rubts.com
yasps.com
bloyl.com
rarls.com
oroed.com
foirs.com
ouxes.com
buirt.com
gawfu.com
blawl.com
rarls.com
jauls.com
asolf.com
durld.com
baugs.com
ovilt.com
wolgy.com
iryer.com
blopt.com
auarg.com
oarls.com
oirly.com
itarl.com
abdup.com
slayl.com
uraxo.com
twept.com
uvuls.com
rervy.com
bobeg.com
waurt.com
oravs.com
oarls.com
eults.com
eptla.com
aurps.com
abuft.com
purfs.com
ediew.com
isuid.com
tylps.com
ardse.com
uptla.com
aubaw.com
expew.com
rubts.com
wrias.com
waubs.com
frofs.com
opewy.com
isarl.com
juips.com
putux.com
faurt.com
afrue.com
egeds.com
lurgs.com
ougby.com
julds.com
fougs.com
wyery.com
iowdy.com
ovods.com
vaugs.com
flefy.com
dwirs.com
boift.com
ogual.com
aryed.com
violf.com
wifte.com
suied.com
sluel.com
upags.com
fifts.com
foydi.com
wreus.com
ovued.com
sulps.com
eafty.com
purfs.com
wopew.com
pyort.com
jubts.com
juaed.com
oatep.com
fewts.com
vapip.com
oosts.com
eafir.com
drubt.com
bufts.com
isuil.com
pooew.com
blopt.com
wruds.com
grerd.com
obefs.com
oguip.com
rowep.com
irwid.com
efrot.com
awors.com
fifts.com
luayl.com
laild.com
rojif.com
wylid.com
buidy.com
epust.com
wougs.com
owirt.com
brulp.com
oblut.com
taudy.com
frapt.com
fougs.com
suiry.com
stsie.com
leald.com
djils.com
eults.com
luelp.com
otift.com
lypot.com
bubts.com
bloel.com
raors.com
dwery.com
iowdy.com
irved.com
oderl.com
frofs.com
grord.com
liarl.com
foews.com
wrarp.com
ogdes.com
gloyl.com
foupt.com
oalts.com
erwir.com
lelds.com
ruelt.com
wrues.com
gaeol.com
utoxy.com
ougby.com
fropf.com
odirp.com
grarl.com
slirs.com
lueld.com
frerd.com
brarl.com
wruds.com
dwerd.com
ejiby.com
gruls.com
jewts.com
wrids.com
aelds.com
isuid.com
dewts.com
odgey.com
piefs.com
wrues.com
oadge.com
vaugs.com
paegs.com
reuds.com
eults.com
tyloy.com
atert.com
grers.com
dievy.com
urbyl.com
lulds.com
liarl.com
piefs.com
isugs.com
oweps.com
abarl.com
lidgy.com
spuft.com
eafty.com
iobes.com
surld.com
jourp.com
isuaf.com
eburf.com
furew.com
wougs.com
axids.com
luaft.com
ayawl.com
yawop.com
taegs.com
bliob.com
wrabi.com
dexud.com
oftyp.com
wryls.com
diefs.com
spupi.com
purfs.com
ritew.com
jodep.com
slayl.com
bouay.com
foews.com
juips.com
ogded.com
yotev.com
porfs.com
oweds.com
rarls.com
bryps.com
exulp.com
fifts.com
fifts.com
alvow.com
faugs.com
gypoe.com
faugs.com
ypris.com
adoed.com
sooed.com
rubts.com
awlsa.com
guirt.com
poual.com
bjorf.com
glayl.com
iryer.com
rebts.com
asiby.com
ivoyd.com
gypey.com
owefs.com
abarl.com
ouxes.com
eisaw.com
exuld.com
swiew.com
byelt.com
flarl.com
lilds.com
dwedy.com
rojaw.com
roapt.com
eborf.com
etusy.com
urbyl.com
dixts.com
porfs.com
loarl.com
aurps.com
obisy.com
gueut.com
foifs.com
greud.com
fifts.com
flols.com
jelge.com
julfs.com
juips.com
dewts.com
fifts.com
baugs.com
oilbs.com
pailt.com
rerpy.com
irvor.com
foews.com
urivy.com
flils.com
poxyl.com
faual.com
ealep.com
sluel.com
lodeb.com
slial.com
roldt.com
lypot.com
flils.com
diefs.com
iorge.com
fifts.com
wrids.com
eaugs.com
purfs.com
luets.com
luavy.com
ayeds.com
vourt.com
boopf.com
abayd.com
ulaux.com
pruls.com
luaeo.com
idalf.com
djift.com
lurfs.com
bulfs.com
alopf.com
aouaf.com
juips.com
yulef.com
woreu.com
fifts.com
evaud.com
pyole.com
buirt.com
raurg.com
aulfs.com
upuds.com
ogded.com
wyalt.com
irved.com
avief.com
slubt.com
rerbs.com
jaugs.com
jewts.com
freft.com
oosts.com
sulfs.com
swefs.com
irifs.com
rebts.com
uveds.com
grerd.com
fifts.com
frert.com
dweds.com
ovelt.com
urild.com
eisps.com
suiry.com
worop.com
lueus.com
ruave.com
tulfs.com
purfs.com
ogdes.com
suidt.com
oarfs.com
olout.com
raors.com
ogded.com
julds.com
porfs.com
diefs.com
yawsy.com
rufue.com
oaved.com
jibyl.com
baugs.com
loult.com
yprie.com
uvuet.com
bjois.com
buirt.com
uleil.com
lurfs.com
dixts.com
sulps.com
oltsy.com
toirl.com
reuds.com
gaeow.com
uvuel.com
idlyp.com
voyaw.com
eulde.com
wrued.com
vaose.com
dylps.com
irwid.com
grers.com
ralge.com
boopf.com
slial.com
seuds.com
ailfs.com
fetoi.com
plogu.com
reods.com
sulps.com
ayeds.com
flaul.com
evidt.com
irved.com
iruds.com
eafty.com
bujap.com
ogdes.com
foupt.com
lelds.com
epted.com
weieu.com
fifts.com
fougs.com
eults.com
lyode.com
irved.com
afoey.com
ejils.com
adeue.com
fifts.com
rilge.com
padgy.com
rueud.com
wyade.com
purfs.com
fauds.com
larls.com
latew.com
purfs.com
fiout.com
aeapt.com
supyl.com
tiold.com
sluay.com
spipt.com
wruet.com
suael.com
raows.com
purfs.com
aswor.com
oguse.com
edwep.com
slawl.com
ogdes.com
grord.com
eriby.com
juirp.com
tovul.com
frypt.com
luirp.com
pulfs.com
rebts.com
paurt.com
eafty.com
yalfs.com
rourp.com
lurbs.com
aelts.com
vadgy.com
agief.com
rufue.com
flils.com
ioues.com
sluay.com
edeor.com
luilt.com
urpse.com
wrids.com
aeows.com
berfs.com
wryed.com
olboe.com
ogdes.com
rurby.com
odgeo.com
pourf.com
irvao.com
dridt.com
awefe.com
bufts.com
flaif.com
aurds.com
ogdet.com
odged.com
wrias.com
irwip.com
dwede.com
agyby.com
faurp.com
ogdes.com
jurfs.com
wreus.com
wroys.com
lyded.com
jouid.com
suaed.com
ogdes.com
wifte.com
prubs.com
bryed.com
fauds.com
irved.com
yproe.com
foews.com
frofs.com
diobs.com
ovots.com
lorfs.com
palfs.com
spopf.com
wedaf.com
uvued.com
bjois.com
fatut.com
sluel.com
ogirt.com
toird.com
wrurg.com
dieud.com
agaeo.com
etupt.com
flult.com
yodgy.com
fifts.com
grerd.com
taulf.com
sluil.com
osags.com
fifts.com
wylps.com
eadgy.com
wieus.com
ogdes.com
ogdel.com
juips.com
piarb.com
yprie.com
earaw.com
pyows.com
gypey.com
durue.com
yproy.com
flils.com
rojaw.com
eulpy.com
uried.com
yprie.com
ejivy.com
wrery.com
piefs.com
lulgy.com
flefy.com
lurbs.com
roags.com
wraed.com
poxyl.com
jeald.com
fifts.com
slirs.com
wryet.com
slarl.com
fifts.com
exulp.com
opyly.com
alewl.com
doyed.com
eboed.com
uvuet.com
juips.com
byeas.com
riust.com
fueus.com
aguls.com
iriao.com
yprie.com
tepyr.com
blils.com
eulby.com
oagae.com
breru.com
bufts.com
faugs.com
rebts.com
sluel.com
asidt.com
otarl.com
avoyl.com
jewts.com
dewts.com
guldt.com
lyert.com
slule.com
drorf.com
dwarl.com
ruirs.com
aurds.com
lueds.com
afryp.com
wregi.com
lilds.com
ploul.com
tupte.com
brubt.com
lilds.com
pulfs.com
lyert.com
ogded.com
sloyl.com
faugs.com
wrued.com
ejewy.com
jurfs.com
ejeld.com
aurps.com
julds.com
plilt.com
joirt.com
bloew.com
pailt.com
wriob.com
paurd.com
julfs.com
plyls.com
wrerl.com
luils.com
oalow.com
bloal.com
disyl.com
ervae.com
ejivo.com
bywal.com
loult.com
deidt.com
aruay.com
vadef.com
lorfs.com
gruls.com
lulds.com
yasts.com
flils.com
ejift.com
prubs.com
exusi.com
sluel.com
urabs.com
adopf.com
irief.com
blewl.com
wrabs.com
fifts.com
yprid.com
larls.com
lelds.com
fewri.com
pyord.com
luils.com
sulbs.com
exidt.com
ejilt.com
juafs.com
fifts.com
bloal.com
dylat.com
gryed.com
oxils.com
erayl.com
wiefs.com
olbel.com
feues.com
byere.com
guafs.com
boift.com
oased.com
duelp.com
ibirt.com
exief.com
ourvy.com
slopf.com
wadyl.com
edaur.com
rydri.com
larls.com
upief.com
duaft.com
wauds.com
wieud.com
lurld.com
bloul.com
ulils.com
awlse.com
ployl.com
ogded.com
juitu.com
fjoue.com
guief.com
widod.com
faurp.com
foirt.com
jurap.com
poewy.com
fauds.com
foirs.com
oudge.com
lyded.com
obyly.com
faift.com
spoew.com
lilds.com
diefs.com
luelt.com
atuds.com
lyogs.com
sluel.com
juirs.com
fjorp.com
owedy.com
xests.com
udged.com
ulgaw.com
ogded.com
pyogs.com
fjolt.com
wyate.com
velfs.com
blirs.com
juady.com
vileg.com
lysob.com
ebuld.com
diefs.com
wauds.com
ogded.com
julds.com
pailt.com
dewts.com
pagry.com
flarl.com
plerl.com
sliev.com
dvisy.com
luils.com
jailt.com
swoue.com
blirs.com
rubts.com
rapep.com
agolt.com
oolts.com
splil.com
ovots.com
jubts.com
pieue.com
deldt.com
slial.com
bloal.com
utgor.com
oisad.com
fifts.com
oirgs.com
fauds.com
yprow.com
odged.com
yprie.com
roopf.com
purfs.com
abdud.com
rubts.com
fialt.com
irwip.com
reyaw.com
lelps.com
prubs.com
julds.com
gaurp.com
oapty.com
fifts.com
glatr.com
gairt.com
wyarf.com
piegy.com
owefs.com
salbs.com
wiefs.com
erilt.com
lilds.com
oafet.com
aowdy.com
fifts.com
dalfs.com
wrued.com
porfs.com
tylps.com
julds.com
foarf.com
wrowy.com
foews.com
aelts.com
drert.com
oaved.com
irved.com
jilyd.com
gaubs.com
foavy.com
reuey.com
fauds.com
iowdy.com
poldt.com
feirp.com
bluaf.com
lyody.com
sluel.com
ogort.com
reuds.com
iowdy.com
julfs.com
ogawl.com
vauar.com
slifs.com
fougs.com
foupt.com
lyded.com
frars.com
wyars.com
dixts.com
wralt.com
plueu.com
upeld.com
larls.com
doirt.com
prubs.com
sybef.com
oafts.com
loarf.com
wotyr.com
diobs.com
arpyl.com
evuer.com
luafs.com
usuil.com
oadit.com
foewy.com
lilds.com
slifs.com
riegy.com
arlds.com
velfs.com
irbst.com
ogdes.com
lelds.com
wyals.com
wryal.com
fiort.com
ouity.com
ivoug.com
usulp.com
luail.com
berfs.com
glyie.com
juael.com
wrids.com
obrop.com
udaul.com
uvuel.com
alvow.com
dixts.com
oadil.com
jibef.com
vixts.com
ogded.com
ogded.com
vaurp.com
foirs.com
fougs.com
iowly.com
spupi.com
irwir.com
ialve.com
luirs.com
fifts.com
flopf.com
extot.com
piefs.com
pieft.com
iarfs.com
larls.com
juied.com
lurfs.com
ogdes.com
goird.com
faugs.com
eviby.com
juied.com
iowdy.com
alvow.com
lilds.com
vaeol.com
dewts.com
duayl.com
ogdes.com
rulau.com
worab.com
dusew.com
fewri.com
gurfu.com
pupyr.com
udaft.com
fifts.com
tweaf.com
ougby.com
ogded.com
plorl.com
elefs.com
julfs.com
odgey.com
evuls.com
aelds.com
supyx.com
adoed.com
obyaw.com
buoid.com
dvilt.com
lurut.com
ogdes.com
udged.com
bloel.com
boeds.com
paeog.com
boeds.com
fougs.com
faugs.com
blils.com
lurib.com
aurbs.com
gryed.com
oltyp.com
oafts.com
ouilt.com
ayarp.com
fifts.com
jided.com
pauad.com
ogdel.com
rebts.com
juips.com
surld.com
pideb.com
lurfs.com
juief.com
roird.com
wrooe.com
fifts.com
fifts.com
lurbs.com
fauds.com
uvuls.com
bjows.com
doyed.com
pluip.com
rebts.com
wyawl.com
raors.com
afraw.com
jewts.com
uvuly.com
wylpy.com
jubaf.com
luafs.com
riews.com
foape.com
wrilt.com
pewry.com
pyoul.com
yulbs.com
lauld.com
dueut.com
balfs.com
reues.com
wruds.com
exulp.com
foewy.com
poues.com
odgel.com
lodst.com
ouail.com
bujib.com
ogirt.com
gipew.com
putep.com
ogdes.com
aurbs.com
prubs.com
ogded.com
dwedy.com
earub.com
plypt.com
bufts.com
purfs.com
lauld.com
floyl.com
porls.com
loulp.com
ovult.com
yorfs.com
flopf.com
dirgs.com
iowse.com
purfs.com
isloi.com
fauds.com
poaft.com
joued.com
afrue.com
bloyl.com
julds.com
evaud.com
bryed.com
lyowl.com
doift.com
durug.com
foews.com
duaeo.com
irsyl.com
toird.com
purfs.com
bulfs.com
seuey.com
aigib.com
spopf.com
raowy.com
dwils.com
yoded.com
oarys.com
bueud.com
liegy.com
vaose.com
pligs.com
jauds.com
urver.com
oguid.com
lieud.com
foalt.com
glawl.com
wryls.com
pailt.com
rueys.com
osags.com
jewts.com
oasps.com
prurd.com
larls.com
yulpy.com
letyp.com
foopf.com
jewep.com
afoed.com
purfs.com
plarl.com
yprie.com
aeged.com
opews.com
guafs.com
eulde.com
dwedy.com
torew.com
daild.com
drebt.com
wrias.com
foupt.com
arued.com
bruip.com
laild.com
ogdes.com
elwaf.com
isowy.com
uvulf.com
bufts.com
wrupt.com
abdud.com
flils.com
piefs.com
purfs.com
joift.com
osarp.com
pulfs.com
juars.com
wroli.com
aearf.com
pupew.com
sluel.com
lueus.com
aryed.com
ewses.com
lulpy.com
glorl.com
elefs.com
oarps.com
oolfs.com
jauds.com
grerf.com
abdud.com
ouail.com
dweds.com
flaul.com
feuts.com
lerfs.com
baugs.com
rildt.com
vaugs.com
loagy.com
gruip.com
yeryl.com
tylps.com
dildt.com
roarf.com
foirs.com
raort.com
fagst.com
irpsy.com
rebts.com
blils.com
odepy.com
faugs.com
roags.com
aurps.com
silyd.com
juird.com
blawl.com
porls.com
foafy.com
yasps.com
wylpy.com
wrues.com
ridst.com
faigs.com
aurds.com
jurub.com
wrews.com
fifts.com
bryps.com
dielt.com
rubts.com
lodeb.com
aguls.com
jaugs.com
outow.com
darld.com
firud.com
abulp.com
vulgy.com
roafs.com
fifts.com
fugut.com
faual.com
frapt.com
woupt.com
gloul.com
baugs.com
tiegi.com
ougby.com
reods.com
lurfs.com
wrubs.com
irved.com
toues.com
fifts.com
irawl.com
ogdes.com
ouiew.com
aurbs.com
doyed.com
bulfs.com
dalfs.com
irlde.com
lurfs.com
baugs.com
daldt.com
oolef.com
jurfs.com
fudep.com
luils.com
owags.com
fougs.com
violf.com
liewl.com
giefy.com
lyowl.com
repys.com
ogdel.com
aulue.com
awlsa.com
wrars.com
rubts.com
dwedy.com
sybef.com
wirps.com
fiout.com
diolf.com
porfs.com
spoew.com
olsai.com
poues.com
slial.com
raors.com
pyolf.com
foeld.com
juirs.com
idirg.com
ibleg.com
fifts.com
poavy.com
vaulp.com
lorfs.com
slopf.com
sluld.com
iowdy.com
wrerd.com
eriby.com
boift.com
ejils.com
oolts.com
julds.com
fougs.com
islup.com
poilf.com
buirt.com
xylpy.com
byeal.com
exulf.com
foupt.com
lueds.com
jubts.com
dwefs.com
fifts.com
upiet.com
arulf.com
piefs.com
lyead.com
luaft.com
gawfu.com
epted.com
boirt.com
fifts.com
vixts.com
flopf.com
apilf.com
purfs.com
wruel.com
lilds.com
ogdes.com
exusy.com
epupt.com
erwir.com
aelty.com
wylay.com
pyows.com
fauds.com
wougs.com
orlse.com
lulds.com
dewts.com
stsyr.com
fiolt.com
buigs.com
ogded.com
wrarp.com
gaubs.com
uvuel.com
dwedy.com
spopf.com
aulge.com
yasts.com
otyls.com
ruars.com
pyods.com
jauds.com
fifts.com
guaft.com
glayl.com
raort.com
julfs.com
irewy.com
sybeb.com
brubt.com
tupte.com
ogded.com
luild.com
risyl.com
oulto.com
deldt.com
edwir.com
rubip.com
glubt.com
wauds.com
fifts.com
ladgy.com
rervy.com
salbs.com
ibirt.com
diefs.com
fifts.com
iowdy.com
aeody.com
bulfs.com
pigae.com
bogib.com
saurf.com
graeo.com
sooed.com
pityl.com
vaugs.com
odoft.com
dvidt.com
julfs.com
wetul.com
utert.com
aegey.com
egibs.com
avilf.com
obabs.com
fulbs.com
dweds.com
peods.com
iowel.com
ooded.com
abdup.com
fluls.com
ougey.com
udaft.com
faugs.com
raort.com
usurt.com
jorfs.com
lilds.com
gyrie.com
suied.com
abeft.com
obaft.com
porls.com
lilds.com
feues.com
fifts.com
dielt.com
jivad.com
ewift.com
riolf.com
sybef.com
faugs.com
odgel.com
roarf.com
odgel.com
salbs.com
isugs.com
wriya.com
fifts.com
ejift.com
vixts.com
dweds.com
obabs.com
dewts.com
ayert.com
diefs.com
juald.com
oareb.com
dixts.com
bulef.com
spoew.com
ebefs.com
pideb.com
vauar.com
taudy.com
wrols.com
pourf.com
slifs.com
iowdy.com
eults.com
paurg.com
ogdes.com
sulps.com
eriby.com
faugs.com
wryed.com
odged.com
raips.com
roulp.com
ejivy.com
slifs.com
wroly.com
pewef.com
slaul.com
sulps.com
ovots.com
luafs.com
aurbs.com
wrawe.com
fougs.com
pyrif.com
ejiby.com
syrog.com
ogdes.com
bujib.com
audgy.com
dixts.com
dueue.com
violf.com
flayl.com
slild.com
lueds.com
yalfs.com
jourp.com
foews.com
swoux.com
vaelf.com
yoded.com
dwaif.com
owead.com
boife.com
bufts.com
rordy.com
asewl.com
pligs.com
vixts.com
iowdy.com
lurbs.com
joift.com
fifts.com
plarl.com
slarl.com
elurs.com
fjose.com
toues.com
friow.com
ouxer.com
osaud.com
gaubs.com
wyead.com
lewep.com
velfs.com
oarps.com
pitud.com
pulef.com
olils.com
tyrut.com
frewl.com
diolf.com
iowel.com
fraeo.com
bryed.com
giefy.com
fifts.com
suied.com
wieus.com
frars.com
leild.com
dyied.com
fjold.com
adoed.com
poewy.com
oirts.com
ogirt.com
sulps.com
valfs.com
grurs.com
ogied.com
aurbs.com
gusue.com
lilds.com
wylpy.com
obeld.com
wreol.com
yorar.com
bryed.com
grure.com
ebusp.com
foarf.com
buigs.com
fifts.com
luerd.com
efrow.com
odoif.com
usuls.com
feuts.com
buird.com
wryls.com
pyory.com
rebts.com
uvuls.com
lildt.com
oulby.com
eults.com
gawip.com
yalgy.com
duelt.com
faugs.com
uried.com
rolbs.com
uterd.com
dylpy.com
floyl.com
byrop.com
audoy.com
syrut.com
gaurt.com
elwaf.com
luils.com
leirl.com
tylyd.com
rubts.com
dixts.com
diefs.com
lyert.com
loirl.com
julfs.com
bloel.com
pailt.com
ogdep.com
tsies.com
frapt.com
reuds.com
purfs.com
julds.com
slayl.com
oalts.com
fifts.com
ogdes.com
ogdet.com
fluls.com
oadge.com
spipt.com
rooew.com
uvued.com
diefs.com
ayawl.com
jubts.com
lulpy.com
roltr.com
juaed.com
ogded.com
dvidy.com
faift.com
sidyl.com
luils.com
joaft.com
blils.com
wroui.com
spipt.com
oudge.com
joild.com
pooew.com
lyete.com
osags.com
luafs.com
syrib.com
usuls.com
wriya.com
irwid.com
grarl.com
irvoy.com
diefs.com
lyoue.com
taear.com
wyedi.com
ovoge.com
spreb.com
yergs.com
eafty.com
iowdy.com
deues.com
doyed.com
joirt.com
julds.com
frapt.com
dweds.com
jaurd.com
fougs.com
oalts.com
bufts.com
voift.com
oreld.com
iowly.com
oarse.com
ovigs.com
gypeo.com
oideb.com
plilt.com
abdup.com
aurst.com
grarl.com
fjowl.com
palfs.com
raors.com
reues.com
poade.com
iowey.com
osuld.com
sulps.com
eptoi.com
ebuld.com
aulfs.com
blopf.com
lielp.com
fifts.com
irlse.com
oupil.com
loels.com
ruaft.com
filgy.com
oodgy.com
lioup.com
erwir.com
leolf.com
diowl.com
jided.com
foews.com
iowdy.com
rursi.com
odarl.com
slufu.com
efrep.com
raort.com
jivad.com
